Using pre-set license
Built from '2020.3/staging' branch; Version is '2020.3.21f1 (a38c86f6690f) revision 10718342'; Using compiler version '192528614'; Build Type 'Release'
OS: 'Windows 10 Pro; OS build 19042.1348; Version 2009; 64bit' Language: 'en' Physical Memory: 16234 MB
BatchMode: 1, IsHumanControllingUs: 0, StartBugReporterOnCrash: 0, Is64bit: 1, IsPro: 0

COMMAND LINE ARGUMENTS:
C:\Program Files\Unity\Hub\Editor\2020.3.21f1\Editor\Unity.exe
-adb2
-batchMode
-noUpm
-name
AssetImportWorker0
-projectPath
C:/Users/Rui Mas/Desktop/FALL 2021/CSC 350H/VR_CPR_Training-master/VR_CPR_Training-master
-logFile
Logs/AssetImportWorker0.log
-srvPort
49909
Successfully changed project path to: C:/Users/Rui Mas/Desktop/FALL 2021/CSC 350H/VR_CPR_Training-master/VR_CPR_Training-master
C:/Users/Rui Mas/Desktop/FALL 2021/CSC 350H/VR_CPR_Training-master/VR_CPR_Training-master
Using Asset Import Pipeline V2.
Refreshing native plugins compatible for Editor in 29.67 ms, found 2 plugins.
Preloading 0 native plugins for Editor in 0.00 ms.
Initialize engine version: 2020.3.21f1 (a38c86f6690f)
[Subsystems] Discovering subsystems at path C:/Program Files/Unity/Hub/Editor/2020.3.21f1/Editor/Data/Resources/UnitySubsystems
[Subsystems] Discovering subsystems at path C:/Users/Rui Mas/Desktop/FALL 2021/CSC 350H/VR_CPR_Training-master/VR_CPR_Training-master/Assets
GfxDevice: creating device client; threaded=0
Direct3D:
    Version:  Direct3D 11.0 [level 11.1]
    Renderer: NVIDIA GeForce RTX 2070 (ID=0x1f10)
    Vendor:   
    VRAM:     8031 MB
    Driver:   27.21.14.6647
Initialize mono
Mono path[0] = 'C:/Program Files/Unity/Hub/Editor/2020.3.21f1/Editor/Data/Managed'
Mono path[1] = 'C:/Program Files/Unity/Hub/Editor/2020.3.21f1/Editor/Data/MonoBleedingEdge/lib/mono/unityjit'
Mono config path = 'C:/Program Files/Unity/Hub/Editor/2020.3.21f1/Editor/Data/MonoBleedingEdge/etc'
Using monoOptions --debugger-agent=transport=dt_socket,embedding=1,server=y,suspend=n,address=127.0.0.1:56760
Begin MonoManager ReloadAssembly
Registering precompiled unity dll's ...
Register platform support module: C:/Program Files/Unity/Hub/Editor/2020.3.21f1/Editor/Data/PlaybackEngines/WindowsStandaloneSupport/UnityEditor.WindowsStandalone.Extensions.dll
Registered in 0.002166 seconds.
Native extension for WindowsStandalone target not found
Refreshing native plugins compatible for Editor in 32.71 ms, found 2 plugins.
Preloading 0 native plugins for Editor in 0.00 ms.
Mono: successfully reloaded assembly
- Completed reload, in  1.861 seconds
Domain Reload Profiling:
	ReloadAssembly (1862ms)
		BeginReloadAssembly (53ms)
			ExecutionOrderSort (0ms)
			DisableScriptedObjects (0ms)
			BackupInstance (0ms)
			ReleaseScriptingObjects (0ms)
			CreateAndSetChildDomain (1ms)
		EndReloadAssembly (459ms)
			LoadAssemblies (51ms)
			RebuildTransferFunctionScriptingTraits (0ms)
			SetupTypeCache (157ms)
			ReleaseScriptCaches (0ms)
			RebuildScriptCaches (33ms)
			SetupLoadedEditorAssemblies (166ms)
				LogAssemblyErrors (0ms)
				InitializePlatformSupportModulesInManaged (4ms)
				SetLoadedEditorAssemblies (0ms)
				RefreshPlugins (33ms)
				BeforeProcessingInitializeOnLoad (18ms)
				ProcessInitializeOnLoadAttributes (85ms)
				ProcessInitializeOnLoadMethodAttributes (27ms)
				AfterProcessingInitializeOnLoad (0ms)
				EditorAssembliesLoaded (0ms)
			ExecutionOrderSort2 (0ms)
			AwakeInstancesAfterBackupRestoration (0ms)
Platform modules already initialized, skipping
Registering precompiled user dll's ...
Registered in 0.004216 seconds.
Begin MonoManager ReloadAssembly
Native extension for WindowsStandalone target not found
Refreshing native plugins compatible for Editor in 0.33 ms, found 2 plugins.
Preloading 0 native plugins for Editor in 0.00 ms.
Mono: successfully reloaded assembly
- Completed reload, in  1.067 seconds
Domain Reload Profiling:
	ReloadAssembly (1068ms)
		BeginReloadAssembly (158ms)
			ExecutionOrderSort (0ms)
			DisableScriptedObjects (5ms)
			BackupInstance (0ms)
			ReleaseScriptingObjects (0ms)
			CreateAndSetChildDomain (18ms)
		EndReloadAssembly (823ms)
			LoadAssemblies (110ms)
			RebuildTransferFunctionScriptingTraits (0ms)
			SetupTypeCache (287ms)
			ReleaseScriptCaches (0ms)
			RebuildScriptCaches (40ms)
			SetupLoadedEditorAssemblies (305ms)
				LogAssemblyErrors (0ms)
				InitializePlatformSupportModulesInManaged (5ms)
				SetLoadedEditorAssemblies (0ms)
				RefreshPlugins (0ms)
				BeforeProcessingInitializeOnLoad (75ms)
				ProcessInitializeOnLoadAttributes (208ms)
				ProcessInitializeOnLoadMethodAttributes (8ms)
				AfterProcessingInitializeOnLoad (8ms)
				EditorAssembliesLoaded (0ms)
			ExecutionOrderSort2 (0ms)
			AwakeInstancesAfterBackupRestoration (8ms)
Platform modules already initialized, skipping
========================================================================
Worker process is ready to serve import requests
Launched and connected shader compiler UnityShaderCompiler.exe after 0.07 seconds
Refreshing native plugins compatible for Editor in 0.49 ms, found 2 plugins.
Preloading 0 native plugins for Editor in 0.00 ms.
Unloading 1489 Unused Serialized files (Serialized files now loaded: 0)
System memory in use before: 67.6 MB.
System memory in use after: 67.7 MB.

Unloading 19 unused Assets to reduce memory usage. Loaded Objects now: 1920.
Total: 3.437100 ms (FindLiveObjects: 0.279400 ms CreateObjectMapping: 0.081500 ms MarkObjects: 3.013400 ms  DeleteObjects: 0.061300 ms)

AssetImportParameters requested are different than current active one (requested -> active):
  custom:framework-win-MediaFoundation: 216162199b28c13a410421893ffa2e32 -> 
  custom:video-decoder-ogg-theora: a1e56fd34408186e4bbccfd4996cb3dc -> 
  custom:container-muxer-webm: aa71ff27fc2769a1b78a27578f13a17b -> 
  custom:container-demuxer-webm: 4f35f7cbe854078d1ac9338744f61a02 -> 
  custom:container-demuxer-ogg: 62fdf1f143b41e24485cea50d1cbac27 -> 
  custom:video-encoder-webm-vp8: eb34c28f22e8b96e1ab97ce403110664 -> 
  custom:video-codec-MediaFoundation-h265: e54d7ab0439102e2317fc1e4b246158d -> 
  custom:video-decoder-webm-vp8: 9c59270c3fd7afecdb556c50c9e8de78 -> 
  custom:audio-decoder-ogg-vorbis: bf7c407c2cedff20999df2af8eb42d56 -> 
  custom:audio-encoder-webm-vorbis: bf7c407c2cedff20999df2af8eb42d56 -> 
========================================================================
Received Import Request.
  path: Assets/Scenes
  artifactKey: Guid(df5dde7260ef2604993628f09aa01308) Importer(815301076,1909f56bfc062723c751e8b465ee728b)
Start importing Assets/Scenes using Guid(df5dde7260ef2604993628f09aa01308) Importer(815301076,1909f56bfc062723c751e8b465ee728b)  -> (artifact id: 'c2a7936c176def6b40118faa2b7cf765') in 0.010315 seconds 
  Import took 0.012846 seconds .

========================================================================
Received Import Request.
  Time since last request: 475.416475 seconds.
  path: Assets/3DEnvironment
  artifactKey: Guid(a3e4ba1f06bb1d047b1879c4180eca3b) Importer(815301076,1909f56bfc062723c751e8b465ee728b)
Start importing Assets/3DEnvironment using Guid(a3e4ba1f06bb1d047b1879c4180eca3b) Importer(815301076,1909f56bfc062723c751e8b465ee728b)  -> (artifact id: 'd23ec045b73e09d74e7b0473c4dc5c73') in 0.009592 seconds 
  Import took 0.012234 seconds .

========================================================================
Received Import Request.
  Time since last request: 1.932770 seconds.
  path: Assets/3DEnvironment/Pizza
  artifactKey: Guid(0dc111a9c290f2b49b170fe958cc1621) Importer(815301076,1909f56bfc062723c751e8b465ee728b)
Start importing Assets/3DEnvironment/Pizza using Guid(0dc111a9c290f2b49b170fe958cc1621) Importer(815301076,1909f56bfc062723c751e8b465ee728b)  -> (artifact id: 'f419cd90cc0367a31745471c1e6c4a71') in 0.010421 seconds 
  Import took 0.013272 seconds .

========================================================================
Received Import Request.
  Time since last request: 6.315811 seconds.
  path: Assets/3DEnvironment/Pizza/Textures
  artifactKey: Guid(9779e985d81c346469bfe8c918102d67) Importer(815301076,1909f56bfc062723c751e8b465ee728b)
Start importing Assets/3DEnvironment/Pizza/Textures using Guid(9779e985d81c346469bfe8c918102d67) Importer(815301076,1909f56bfc062723c751e8b465ee728b)  -> (artifact id: 'b453694442ef30faafbda8d0090cd10c') in 0.007225 seconds 
  Import took 0.009848 seconds .

========================================================================
Received Import Request.
  Time since last request: 0.062541 seconds.
  path: Assets/3DEnvironment/Pizza/Textures/Pizza_Albedo.tga
  artifactKey: Guid(46393c911ef1119418f913a4f179ed83) Importer(815301076,1909f56bfc062723c751e8b465ee728b)
Start importing Assets/3DEnvironment/Pizza/Textures/Pizza_Albedo.tga using Guid(46393c911ef1119418f913a4f179ed83) Importer(815301076,1909f56bfc062723c751e8b465ee728b)  -> (artifact id: '08cae13e34bce47811b5ee51f405a890') in 0.385083 seconds 
  Import took 0.387523 seconds .

========================================================================
Received Import Request.
  Time since last request: 0.000284 seconds.
  path: Assets/3DEnvironment/Pizza/Textures/Pizza_Ao.tga
  artifactKey: Guid(fe8ed6ecdd6590b46be6be9abb597332) Importer(815301076,1909f56bfc062723c751e8b465ee728b)
Start importing Assets/3DEnvironment/Pizza/Textures/Pizza_Ao.tga using Guid(fe8ed6ecdd6590b46be6be9abb597332) Importer(815301076,1909f56bfc062723c751e8b465ee728b)  -> (artifact id: '5e49816a76424e19336913f99e3a4549') in 0.299133 seconds 
  Import took 0.301185 seconds .

========================================================================
Received Import Request.
  Time since last request: 0.000267 seconds.
  path: Assets/3DEnvironment/Pizza/Textures/Pizza_Normals.tga
  artifactKey: Guid(83e696ebd96f2e44ea0dc3084a73a1ca) Importer(815301076,1909f56bfc062723c751e8b465ee728b)
Start importing Assets/3DEnvironment/Pizza/Textures/Pizza_Normals.tga using Guid(83e696ebd96f2e44ea0dc3084a73a1ca) Importer(815301076,1909f56bfc062723c751e8b465ee728b)  -> (artifact id: '1041dc47d71b12d45d94e732b6bb552b') in 0.300736 seconds 
  Import took 0.302776 seconds .

========================================================================
Received Import Request.
  Time since last request: 2.167749 seconds.
  path: Assets/3DEnvironment/Pizza/Mesh/Pizza_Mesh.FBX
  artifactKey: Guid(4096480c35b403646bbcca99e00227b0) Importer(815301076,1909f56bfc062723c751e8b465ee728b)
Start importing Assets/3DEnvironment/Pizza/Mesh/Pizza_Mesh.FBX using Guid(4096480c35b403646bbcca99e00227b0) Importer(815301076,1909f56bfc062723c751e8b465ee728b)  -> (artifact id: '2257d3952d9c9fb5ebf3701ef50c002b') in 0.256675 seconds 
  Import took 0.259142 seconds .

========================================================================
Received Import Request.
  Time since last request: 20.624622 seconds.
  path: Assets/3DEnvironment/Pizza/Mesh
  artifactKey: Guid(417044bc631991443a3c3ca9f7c2c13d) Importer(815301076,1909f56bfc062723c751e8b465ee728b)
Start importing Assets/3DEnvironment/Pizza/Mesh using Guid(417044bc631991443a3c3ca9f7c2c13d) Importer(815301076,1909f56bfc062723c751e8b465ee728b)  -> (artifact id: '674fb6334cbbbcc0067c6686a4069dc0') in 0.008045 seconds 
  Import took 0.010279 seconds .

========================================================================
Received Import Request.
  Time since last request: 4577.464421 seconds.
  path: Assets/3DEnvironment/Wall textures/uploads_files_598601_Ceiling.fbx
  artifactKey: Guid(637acd2dfa4e4844ea9615b1c5fe095b) Importer(815301076,1909f56bfc062723c751e8b465ee728b)
Start importing Assets/3DEnvironment/Wall textures/uploads_files_598601_Ceiling.fbx using Guid(637acd2dfa4e4844ea9615b1c5fe095b) Importer(815301076,1909f56bfc062723c751e8b465ee728b)  -> (artifact id: '249794f2132f705f2441ce19b890bb74') in 0.044377 seconds 
  Import took 0.050709 seconds .

========================================================================
Received Import Request.
  Time since last request: 3.619142 seconds.
  path: Assets/3DEnvironment/Wall-Decor/uploads_files_2412131_Dance+Picture+Frames.FBX
  artifactKey: Guid(fce689249682f7e4f9cfb6e97e14f634) Importer(815301076,1909f56bfc062723c751e8b465ee728b)
Start importing Assets/3DEnvironment/Wall-Decor/uploads_files_2412131_Dance+Picture+Frames.FBX using Guid(fce689249682f7e4f9cfb6e97e14f634) Importer(815301076,1909f56bfc062723c751e8b465ee728b)  -> (artifact id: 'ee3b027dfa72556cf2877dfe4910d8a6') in 0.222418 seconds 
  Import took 0.225057 seconds .

========================================================================
Received Import Request.
  Time since last request: 0.000232 seconds.
  path: Assets/3DEnvironment/Wall-Decor/uploads_files_2412131_Dance+Picture+Frames.obj
  artifactKey: Guid(798e89ed446a16444b51d08668b6b426) Importer(815301076,1909f56bfc062723c751e8b465ee728b)
Start importing Assets/3DEnvironment/Wall-Decor/uploads_files_2412131_Dance+Picture+Frames.obj using Guid(798e89ed446a16444b51d08668b6b426) Importer(815301076,1909f56bfc062723c751e8b465ee728b)  -> (artifact id: '54de3efa9b367d85a9226995c7113cb7') in 0.072274 seconds 
  Import took 0.074433 seconds .

========================================================================
Received Import Request.
  Time since last request: 749.484904 seconds.
  path: Assets
  artifactKey: Guid(00000000000000001000000000000000) Importer(815301076,1909f56bfc062723c751e8b465ee728b)
Start importing Assets using Guid(00000000000000001000000000000000) Importer(815301076,1909f56bfc062723c751e8b465ee728b)  -> (artifact id: '42d402b061de3733987d63b9cc3b64de') in 0.008679 seconds 
  Import took 0.011903 seconds .

========================================================================
Received Import Request.
  Time since last request: 11.773664 seconds.
  path: Assets/Materials
  artifactKey: Guid(8cd2bab5dfb47e94e86f3f3f93802a69) Importer(815301076,1909f56bfc062723c751e8b465ee728b)
Start importing Assets/Materials using Guid(8cd2bab5dfb47e94e86f3f3f93802a69) Importer(815301076,1909f56bfc062723c751e8b465ee728b)  -> (artifact id: 'b10b0b39c379c962a89ef37bb86c2b20') in 0.006753 seconds 
  Import took 0.009104 seconds .

========================================================================
Received Import Request.
  Time since last request: 33.471828 seconds.
  path: Assets/Materials/New Material.mat
  artifactKey: Guid(58f147ebe6984a747b3308a8cb4a929c) Importer(815301076,1909f56bfc062723c751e8b465ee728b)
Start importing Assets/Materials/New Material.mat using Guid(58f147ebe6984a747b3308a8cb4a929c) Importer(815301076,1909f56bfc062723c751e8b465ee728b)  -> (artifact id: 'dc294d2940344b052bff2f57e78de48f') in 0.027973 seconds 
  Import took 0.031171 seconds .

========================================================================
Received Import Request.
  Time since last request: 22.676887 seconds.
  path: Assets/Materials/New Material 1.mat
  artifactKey: Guid(337446a80fd43074fb693d4b98f0bfa7) Importer(815301076,1909f56bfc062723c751e8b465ee728b)
Start importing Assets/Materials/New Material 1.mat using Guid(337446a80fd43074fb693d4b98f0bfa7) Importer(815301076,1909f56bfc062723c751e8b465ee728b)  -> (artifact id: 'a23cf2ae5e8f514232354dbba2b3c527') in 0.012179 seconds 
  Import took 0.015262 seconds .

========================================================================
Received Import Request.
  Time since last request: 289.655344 seconds.
  path: Assets/3DEnvironment/Chair/uploads_files_419349_Stool.obj
  artifactKey: Guid(e359f9bbebcd2264abfec75cbb31f3d5) Importer(815301076,1909f56bfc062723c751e8b465ee728b)
Start importing Assets/3DEnvironment/Chair/uploads_files_419349_Stool.obj using Guid(e359f9bbebcd2264abfec75cbb31f3d5) Importer(815301076,1909f56bfc062723c751e8b465ee728b)  -> (artifact id: 'f5e462b71f4143a233bd726321c0d2a8') in 0.736630 seconds 
  Import took 0.746309 seconds .

========================================================================
Received Import Request.
  Time since last request: 1855.098165 seconds.
  path: Assets/3DEnvironment/Door-Loo/uploads_files_703586_Door1.fbx
  artifactKey: Guid(3dd20afb918310c4bbe214972579ec59) Importer(815301076,1909f56bfc062723c751e8b465ee728b)
Start importing Assets/3DEnvironment/Door-Loo/uploads_files_703586_Door1.fbx using Guid(3dd20afb918310c4bbe214972579ec59) Importer(815301076,1909f56bfc062723c751e8b465ee728b)  -> (artifact id: 'a7813ebd108b16f1a67a7e60fc97a479') in 0.022103 seconds 
  Import took 0.024865 seconds .

========================================================================
Received Import Request.
  Time since last request: 0.617928 seconds.
  path: Assets/3DEnvironment/FoodPackage/uploads_files_3246560_fast_food.fbx
  artifactKey: Guid(cea2fdd10ecc129489eaf6cfa7b877c7) Importer(815301076,1909f56bfc062723c751e8b465ee728b)
Start importing Assets/3DEnvironment/FoodPackage/uploads_files_3246560_fast_food.fbx using Guid(cea2fdd10ecc129489eaf6cfa7b877c7) Importer(815301076,1909f56bfc062723c751e8b465ee728b)  -> (artifact id: '1fe6ad3eca24c362b2167a5b7757b07c') in 1.144960 seconds 
  Import took 1.147532 seconds .

========================================================================
Received Import Request.
  Time since last request: 0.000231 seconds.
  path: Assets/3DEnvironment/FoodPackage/uploads_files_3246560_fast_food.obj
  artifactKey: Guid(a15d6a6f6144e974bbdb5eee0dc621f8) Importer(815301076,1909f56bfc062723c751e8b465ee728b)
Start importing Assets/3DEnvironment/FoodPackage/uploads_files_3246560_fast_food.obj using Guid(a15d6a6f6144e974bbdb5eee0dc621f8) Importer(815301076,1909f56bfc062723c751e8b465ee728b)  -> (artifact id: 'c5762ae5393223e7ed6f781ffcad520f') in 0.120316 seconds 
  Import took 0.123056 seconds .

========================================================================
Received Import Request.
  Time since last request: 0.000227 seconds.
  path: Assets/3DEnvironment/Table/uploads_files_1975054_table.dae
  artifactKey: Guid(c266868a0f915c84d92ca70974a5df43) Importer(815301076,1909f56bfc062723c751e8b465ee728b)
Start importing Assets/3DEnvironment/Table/uploads_files_1975054_table.dae using Guid(c266868a0f915c84d92ca70974a5df43) Importer(815301076,1909f56bfc062723c751e8b465ee728b)  -> (artifact id: '749f29d76d8a33748b5a577f7de8fa1d') in 0.370635 seconds 
  Import took 0.373003 seconds .

========================================================================
Received Import Request.
  Time since last request: 0.000329 seconds.
  path: Assets/3DEnvironment/Table/uploads_files_1975054_table.obj
  artifactKey: Guid(a1911b95b6dbef7429dda54956d236cd) Importer(815301076,1909f56bfc062723c751e8b465ee728b)
Start importing Assets/3DEnvironment/Table/uploads_files_1975054_table.obj using Guid(a1911b95b6dbef7429dda54956d236cd) Importer(815301076,1909f56bfc062723c751e8b465ee728b)  -> (artifact id: '485dd7183c794bba14a6b2d5996e42d2') in 0.033926 seconds 
  Import took 0.036001 seconds .

========================================================================
Received Import Request.
  Time since last request: 0.000264 seconds.
  path: Assets/3DEnvironment/Pizza/Materials/Pizza_Albedo.mat
  artifactKey: Guid(5a5083bed9f0a5541a3158653e5823e7) Importer(815301076,1909f56bfc062723c751e8b465ee728b)
Start importing Assets/3DEnvironment/Pizza/Materials/Pizza_Albedo.mat using Guid(5a5083bed9f0a5541a3158653e5823e7) Importer(815301076,1909f56bfc062723c751e8b465ee728b)  -> (artifact id: '0d1cc9d3834b3fedc683068b5c0e8a28') in 0.309030 seconds 
  Import took 0.311428 seconds .

========================================================================
Received Import Request.
  Time since last request: 0.000253 seconds.
  path: Assets/3DEnvironment/Table/uploads_files_1975054_table.fbx
  artifactKey: Guid(3e357d5f3a2debd428d84dcb71ebb5be) Importer(815301076,1909f56bfc062723c751e8b465ee728b)
Start importing Assets/3DEnvironment/Table/uploads_files_1975054_table.fbx using Guid(3e357d5f3a2debd428d84dcb71ebb5be) Importer(815301076,1909f56bfc062723c751e8b465ee728b)  -> (artifact id: 'ebfcfaa17931a5fd949a2648faf6e408') in 0.308421 seconds 
  Import took 0.310696 seconds .

========================================================================
Received Import Request.
  Time since last request: 29.744903 seconds.
  path: Assets/3DEnvironment/Wall-Decor/Textures
  artifactKey: Guid(2a8f2f114c5984c4d898d85a71a2634c) Importer(815301076,1909f56bfc062723c751e8b465ee728b)
Start importing Assets/3DEnvironment/Wall-Decor/Textures using Guid(2a8f2f114c5984c4d898d85a71a2634c) Importer(815301076,1909f56bfc062723c751e8b465ee728b)  -> (artifact id: 'ffbaa07cf62c4bad6a64da914e847267') in 0.006172 seconds 
  Import took 0.009017 seconds .

========================================================================
Received Import Request.
  Time since last request: 0.068343 seconds.
  path: Assets/3DEnvironment/Wall-Decor/Textures/dance_01.jpg
  artifactKey: Guid(bd057ebf29e56c145be167e98a137b0c) Importer(815301076,1909f56bfc062723c751e8b465ee728b)
Start importing Assets/3DEnvironment/Wall-Decor/Textures/dance_01.jpg using Guid(bd057ebf29e56c145be167e98a137b0c) Importer(815301076,1909f56bfc062723c751e8b465ee728b)  -> (artifact id: '1b549a26c83dfb114896418edefa1e2f') in 0.085616 seconds 
  Import took 0.088164 seconds .

========================================================================
Received Import Request.
  Time since last request: 0.000255 seconds.
  path: Assets/3DEnvironment/Wall-Decor/Textures/dance_02.jpg
  artifactKey: Guid(1cb7645b66bfc7f43bbb7494e40f4375) Importer(815301076,1909f56bfc062723c751e8b465ee728b)
Start importing Assets/3DEnvironment/Wall-Decor/Textures/dance_02.jpg using Guid(1cb7645b66bfc7f43bbb7494e40f4375) Importer(815301076,1909f56bfc062723c751e8b465ee728b)  -> (artifact id: '6cfb5e6d9575d46a9a5db76c63134912') in 0.081827 seconds 
  Import took 0.083856 seconds .

========================================================================
Received Import Request.
  Time since last request: 0.000276 seconds.
  path: Assets/3DEnvironment/Wall-Decor/Textures/dance_03.jpg
  artifactKey: Guid(6d4dceab5d9c3f046b8a4d469d88b4e2) Importer(815301076,1909f56bfc062723c751e8b465ee728b)
Start importing Assets/3DEnvironment/Wall-Decor/Textures/dance_03.jpg using Guid(6d4dceab5d9c3f046b8a4d469d88b4e2) Importer(815301076,1909f56bfc062723c751e8b465ee728b)  -> (artifact id: 'd1f2b160f7a3503c65f4be988bdf5a02') in 0.084172 seconds 
  Import took 0.086251 seconds .

========================================================================
Received Import Request.
  Time since last request: 9.764222 seconds.
  path: Assets/3DEnvironment/Plants/fingerpalme.fbm/014_ground.jpg
  artifactKey: Guid(403cc9bf23782dd4da58b1debd9f9979) Importer(815301076,1909f56bfc062723c751e8b465ee728b)
Start importing Assets/3DEnvironment/Plants/fingerpalme.fbm/014_ground.jpg using Guid(403cc9bf23782dd4da58b1debd9f9979) Importer(815301076,1909f56bfc062723c751e8b465ee728b)  -> (artifact id: '5fcae3e6da738a4bfb89e990cb0e5949') in 0.079808 seconds 
  Import took 0.082005 seconds .

========================================================================
Received Import Request.
  Time since last request: 0.000283 seconds.
  path: Assets/3DEnvironment/Plants/fingerpalme.fbm/CLEAN LIMESTONE.jpg
  artifactKey: Guid(4be46971aec4bc545bedf48d39891e28) Importer(815301076,1909f56bfc062723c751e8b465ee728b)
Start importing Assets/3DEnvironment/Plants/fingerpalme.fbm/CLEAN LIMESTONE.jpg using Guid(4be46971aec4bc545bedf48d39891e28) Importer(815301076,1909f56bfc062723c751e8b465ee728b)  -> (artifact id: '425fb7737e6be41775a59107967c4189') in 0.082544 seconds 
  Import took 0.084677 seconds .

========================================================================
Received Import Request.
  Time since last request: 0.000186 seconds.
  path: Assets/3DEnvironment/Plants/fingerpalme.fbm/archmodels58_001_leaf_diffuse1.jpg
  artifactKey: Guid(16afdc0f8f0801842a658d79a94e887c) Importer(815301076,1909f56bfc062723c751e8b465ee728b)
Start importing Assets/3DEnvironment/Plants/fingerpalme.fbm/archmodels58_001_leaf_diffuse1.jpg using Guid(16afdc0f8f0801842a658d79a94e887c) Importer(815301076,1909f56bfc062723c751e8b465ee728b)  -> (artifact id: '70b790b3220e8134dae6eb57dcc99a99') in 0.037424 seconds 
  Import took 0.039594 seconds .

========================================================================
Received Import Request.
  Time since last request: 0.000272 seconds.
  path: Assets/3DEnvironment/Plants/fingerpalme.fbm/concrete_24.jpg
  artifactKey: Guid(88cad2160d2eb1f4c9e5c3091e71f0bb) Importer(815301076,1909f56bfc062723c751e8b465ee728b)
Start importing Assets/3DEnvironment/Plants/fingerpalme.fbm/concrete_24.jpg using Guid(88cad2160d2eb1f4c9e5c3091e71f0bb) Importer(815301076,1909f56bfc062723c751e8b465ee728b)  -> (artifact id: '9a3e42729f0fb8572a3c6957b985a20a') in 0.081174 seconds 
  Import took 0.083379 seconds .

========================================================================
Received Prepare
Assets/3DEnvironment/Plants/fingerpalme.c4d: Unity no longer supports importing Cinema 4D files directly, but we're working with Maxon to make the experience better. To import Cinema 4D files, install Maxon's external importer. You can find more information on the Unity Forum: https://on.unity.com/c4d.

Please note that FBX files exported from Cinema4D are still supported.
Registering precompiled user dll's ...
Registered in 0.006964 seconds.
Begin MonoManager ReloadAssembly
Native extension for WindowsStandalone target not found
Refreshing native plugins compatible for Editor in 0.49 ms, found 2 plugins.
Preloading 0 native plugins for Editor in 0.00 ms.
Mono: successfully reloaded assembly
- Completed reload, in  1.070 seconds
Domain Reload Profiling:
	ReloadAssembly (1072ms)
		BeginReloadAssembly (155ms)
			ExecutionOrderSort (0ms)
			DisableScriptedObjects (9ms)
			BackupInstance (0ms)
			ReleaseScriptingObjects (0ms)
			CreateAndSetChildDomain (69ms)
		EndReloadAssembly (853ms)
			LoadAssemblies (83ms)
			RebuildTransferFunctionScriptingTraits (0ms)
			SetupTypeCache (292ms)
			ReleaseScriptCaches (1ms)
			RebuildScriptCaches (45ms)
			SetupLoadedEditorAssemblies (300ms)
				LogAssemblyErrors (0ms)
				InitializePlatformSupportModulesInManaged (7ms)
				SetLoadedEditorAssemblies (1ms)
				RefreshPlugins (1ms)
				BeforeProcessingInitializeOnLoad (84ms)
				ProcessInitializeOnLoadAttributes (193ms)
				ProcessInitializeOnLoadMethodAttributes (9ms)
				AfterProcessingInitializeOnLoad (6ms)
				EditorAssembliesLoaded (0ms)
			ExecutionOrderSort2 (0ms)
			AwakeInstancesAfterBackupRestoration (6ms)
Platform modules already initialized, skipping
Switching build target platform(19) subTarget(0) extendedPlatform(0) -> platform(9) subTarget(16777218) extendedPlatform(0)
Refreshing native plugins compatible for Editor in 0.39 ms, found 2 plugins.
Preloading 0 native plugins for Editor in 0.00 ms.
Unloading 1486 Unused Serialized files (Serialized files now loaded: 0)
System memory in use before: 72.6 MB.
System memory in use after: 72.7 MB.

Unloading 14 unused Assets to reduce memory usage. Loaded Objects now: 1966.
Total: 2.780200 ms (FindLiveObjects: 0.138500 ms CreateObjectMapping: 0.042100 ms MarkObjects: 2.580700 ms  DeleteObjects: 0.017900 ms)

AssetImportParameters requested are different than current active one (requested -> active):
  custom:framework-win-MediaFoundation: 216162199b28c13a410421893ffa2e32 -> 
  custom:video-decoder-ogg-theora: a1e56fd34408186e4bbccfd4996cb3dc -> 
  custom:container-muxer-webm: aa71ff27fc2769a1b78a27578f13a17b -> 
  custom:container-demuxer-webm: 4f35f7cbe854078d1ac9338744f61a02 -> 
  custom:container-demuxer-ogg: 62fdf1f143b41e24485cea50d1cbac27 -> 
  custom:video-encoder-webm-vp8: eb34c28f22e8b96e1ab97ce403110664 -> 
  custom:video-codec-MediaFoundation-h265: e54d7ab0439102e2317fc1e4b246158d -> 
  custom:video-decoder-webm-vp8: 9c59270c3fd7afecdb556c50c9e8de78 -> 
  custom:graphics/normal-map-encoding: 01000000000000000000000000000000 -> 02000000000000000000000000000000
  custom:audio-decoder-ogg-vorbis: bf7c407c2cedff20999df2af8eb42d56 -> 
  custom:audio-encoder-webm-vorbis: bf7c407c2cedff20999df2af8eb42d56 -> 
========================================================================
Received Import Request.
  Time since last request: 15.313408 seconds.
  path: Assets/3DEnvironment/Plants/fingerpalme.fbm/Materials
  artifactKey: Guid(29b9b02ddbc16a14696c67f12b654b8b) Importer(815301076,1909f56bfc062723c751e8b465ee728b)
Start importing Assets/3DEnvironment/Plants/fingerpalme.fbm/Materials using Guid(29b9b02ddbc16a14696c67f12b654b8b) Importer(815301076,1909f56bfc062723c751e8b465ee728b)  -> (artifact id: '7d6386be189f658a56c0102829c7633c') in 0.008238 seconds 
  Import took 0.010741 seconds .

========================================================================
Received Import Request.
  Time since last request: 0.059858 seconds.
  path: Assets/3DEnvironment/Plants/fingerpalme.fbm/Materials/014_ground.mat
  artifactKey: Guid(8df1d5eaa16b703469f31b7c898ba7df) Importer(815301076,1909f56bfc062723c751e8b465ee728b)
Start importing Assets/3DEnvironment/Plants/fingerpalme.fbm/Materials/014_ground.mat using Guid(8df1d5eaa16b703469f31b7c898ba7df) Importer(815301076,1909f56bfc062723c751e8b465ee728b)  -> (artifact id: '42e61edd76f8a9d89d51fdcb66f2ad84') in 0.285563 seconds 
  Import took 0.287849 seconds .

========================================================================
Received Import Request.
  Time since last request: 0.000237 seconds.
  path: Assets/3DEnvironment/Plants/fingerpalme.fbm/Materials/concrete_24.mat
  artifactKey: Guid(e792ea3ac26147340a059c4b44937a5a) Importer(815301076,1909f56bfc062723c751e8b465ee728b)
Start importing Assets/3DEnvironment/Plants/fingerpalme.fbm/Materials/concrete_24.mat using Guid(e792ea3ac26147340a059c4b44937a5a) Importer(815301076,1909f56bfc062723c751e8b465ee728b)  -> (artifact id: '7a5e909662dbdb877090345b7d0e2d26') in 0.083479 seconds 
  Import took 0.085606 seconds .

========================================================================
Received Import Request.
  Time since last request: 3.945639 seconds.
  path: Assets/3DEnvironment/Menu/uploads_files_690317_MenuBoard.FBX
  artifactKey: Guid(7c8ac3e510302f6408afb117cb3d0247) Importer(815301076,1909f56bfc062723c751e8b465ee728b)
Start importing Assets/3DEnvironment/Menu/uploads_files_690317_MenuBoard.FBX using Guid(7c8ac3e510302f6408afb117cb3d0247) Importer(815301076,1909f56bfc062723c751e8b465ee728b)  -> (artifact id: 'b178077ec3191d7c07039f4d891549a5') in 0.063650 seconds 
  Import took 0.066097 seconds .

========================================================================
Received Import Request.
  Time since last request: 25.552268 seconds.
  path: Assets/3DEnvironment/Table/textures/Wood06_col.jpg
  artifactKey: Guid(3e4015113669082408d2095f0efdd544) Importer(815301076,1909f56bfc062723c751e8b465ee728b)
Start importing Assets/3DEnvironment/Table/textures/Wood06_col.jpg using Guid(3e4015113669082408d2095f0efdd544) Importer(815301076,1909f56bfc062723c751e8b465ee728b)  -> (artifact id: '0e19339da5094262bbafbb2971c5d9a7') in 0.309716 seconds 
  Import took 0.312012 seconds .

========================================================================
Received Import Request.
  Time since last request: 0.000266 seconds.
  path: Assets/3DEnvironment/Table/textures/Wood06_rgh.jpg
  artifactKey: Guid(fb963e23083703f4d81ea0231687ffda) Importer(815301076,1909f56bfc062723c751e8b465ee728b)
Start importing Assets/3DEnvironment/Table/textures/Wood06_rgh.jpg using Guid(fb963e23083703f4d81ea0231687ffda) Importer(815301076,1909f56bfc062723c751e8b465ee728b)  -> (artifact id: '48856ae601cd5be1c613e461ea1976b9') in 0.298002 seconds 
  Import took 0.300104 seconds .

========================================================================
Received Import Request.
  Time since last request: 0.000228 seconds.
  path: Assets/3DEnvironment/Table/textures/Wood06_disp.jpg
  artifactKey: Guid(1ee0c77bd8346404ea617551eb298e5e) Importer(815301076,1909f56bfc062723c751e8b465ee728b)
Start importing Assets/3DEnvironment/Table/textures/Wood06_disp.jpg using Guid(1ee0c77bd8346404ea617551eb298e5e) Importer(815301076,1909f56bfc062723c751e8b465ee728b)  -> (artifact id: '355f1f77d147ece2063ef6034ac72f79') in 0.297295 seconds 
  Import took 0.299521 seconds .

========================================================================
Received Import Request.
  Time since last request: 0.000246 seconds.
  path: Assets/3DEnvironment/Table/textures/Wood06_col.jpg.001.jpg
  artifactKey: Guid(1d3dd40a2a9bdcc48a7e54281c6a75a1) Importer(815301076,1909f56bfc062723c751e8b465ee728b)
Start importing Assets/3DEnvironment/Table/textures/Wood06_col.jpg.001.jpg using Guid(1d3dd40a2a9bdcc48a7e54281c6a75a1) Importer(815301076,1909f56bfc062723c751e8b465ee728b)  -> (artifact id: '1da3650c186ccb7294782ea421a0a03b') in 0.299905 seconds 
  Import took 0.302406 seconds .

========================================================================
Received Import Request.
  Time since last request: 0.000286 seconds.
  path: Assets/3DEnvironment/Table/textures/Wood06_nrm.jpg
  artifactKey: Guid(50a11fd65cff17641bc80429acdf17c9) Importer(815301076,1909f56bfc062723c751e8b465ee728b)
Start importing Assets/3DEnvironment/Table/textures/Wood06_nrm.jpg using Guid(50a11fd65cff17641bc80429acdf17c9) Importer(815301076,1909f56bfc062723c751e8b465ee728b)  -> (artifact id: '20a02322a6d60f7596ed8e29a5faf4d9') in 0.302798 seconds 
  Import took 0.305021 seconds .

========================================================================
Received Import Request.
  Time since last request: 14.410509 seconds.
  path: Assets/3DEnvironment/Table/Materials/Wood06_col.mat
  artifactKey: Guid(541c125c633a52b488a1321ed372c70a) Importer(815301076,1909f56bfc062723c751e8b465ee728b)
Start importing Assets/3DEnvironment/Table/Materials/Wood06_col.mat using Guid(541c125c633a52b488a1321ed372c70a) Importer(815301076,1909f56bfc062723c751e8b465ee728b)  -> (artifact id: '338c4871455f7929c5ec7a6dfaa1050b') in 0.297978 seconds 
  Import took 0.300480 seconds .

========================================================================
Received Import Request.
  Time since last request: 0.000295 seconds.
  path: Assets/3DEnvironment/Table/Materials/Wood06_disp.mat
  artifactKey: Guid(9854b8769a95a1149880f4288f90c4cf) Importer(815301076,1909f56bfc062723c751e8b465ee728b)
Start importing Assets/3DEnvironment/Table/Materials/Wood06_disp.mat using Guid(9854b8769a95a1149880f4288f90c4cf) Importer(815301076,1909f56bfc062723c751e8b465ee728b)  -> (artifact id: 'f53855190746bb0da70f925fe1663722') in 0.297768 seconds 
  Import took 0.299913 seconds .

========================================================================
Received Import Request.
  Time since last request: 0.000272 seconds.
  path: Assets/3DEnvironment/Table/Materials/Wood06_nrm.mat
  artifactKey: Guid(81c811b6b9e52f242bef63297d46e489) Importer(815301076,1909f56bfc062723c751e8b465ee728b)
Start importing Assets/3DEnvironment/Table/Materials/Wood06_nrm.mat using Guid(81c811b6b9e52f242bef63297d46e489) Importer(815301076,1909f56bfc062723c751e8b465ee728b)  -> (artifact id: 'c2944d1a9aa4d65bfb596c6fcd7de789') in 0.300853 seconds 
  Import took 0.303078 seconds .

========================================================================
Received Import Request.
  Time since last request: 0.000256 seconds.
  path: Assets/3DEnvironment/Table/Materials/Wood06_rgh.mat
  artifactKey: Guid(cc2d499cb5f2c9f448321926f0a04c8c) Importer(815301076,1909f56bfc062723c751e8b465ee728b)
Start importing Assets/3DEnvironment/Table/Materials/Wood06_rgh.mat using Guid(cc2d499cb5f2c9f448321926f0a04c8c) Importer(815301076,1909f56bfc062723c751e8b465ee728b)  -> (artifact id: '7d745b9bd41af512c2ba7221c160f1aa') in 0.322978 seconds 
  Import took 0.325244 seconds .

========================================================================
Received Import Request.
  Time since last request: 165.744321 seconds.
  path: Assets/3DEnvironment/Door-Main/uploads_files_2491218_door.dae
  artifactKey: Guid(f6d167859b8bd554a8699a9f449c5bc5) Importer(815301076,1909f56bfc062723c751e8b465ee728b)
Start importing Assets/3DEnvironment/Door-Main/uploads_files_2491218_door.dae using Guid(f6d167859b8bd554a8699a9f449c5bc5) Importer(815301076,1909f56bfc062723c751e8b465ee728b)  -> (artifact id: '9528744b36e333a6d25138784832967e') in 0.053459 seconds 
  Import took 0.056333 seconds .

========================================================================
Received Import Request.
  Time since last request: 0.000279 seconds.
  path: Assets/3DEnvironment/Door-Main/uploads_files_2491218_door.obj
  artifactKey: Guid(3991a51d86bd64f48a703de360b502df) Importer(815301076,1909f56bfc062723c751e8b465ee728b)
Start importing Assets/3DEnvironment/Door-Main/uploads_files_2491218_door.obj using Guid(3991a51d86bd64f48a703de360b502df) Importer(815301076,1909f56bfc062723c751e8b465ee728b)  -> (artifact id: 'b4693d98fbdf1cf271cfbe96a4e03e6a') in 0.028216 seconds 
  Import took 0.030736 seconds .

========================================================================
Received Import Request.
  Time since last request: 0.000289 seconds.
  path: Assets/3DEnvironment/Door-Main/uploads_files_2491218_door.fbx
  artifactKey: Guid(48356e28f7eadb44dbd7c9134a2bdb15) Importer(815301076,1909f56bfc062723c751e8b465ee728b)
Start importing Assets/3DEnvironment/Door-Main/uploads_files_2491218_door.fbx using Guid(48356e28f7eadb44dbd7c9134a2bdb15) Importer(815301076,1909f56bfc062723c751e8b465ee728b)  -> (artifact id: '69f265d8355ceeef1560becbe39cc4aa') in 0.056876 seconds 
  Import took 0.059325 seconds .

========================================================================
Received Import Request.
  Time since last request: 7.400959 seconds.
  path: Assets/3DEnvironment/3D Model/3D Model/Wood_Floor/Wood_Floor_001_3DS.3ds
  artifactKey: Guid(da1c79b4eff92b041b72076a9103f2b7) Importer(815301076,1909f56bfc062723c751e8b465ee728b)
Start importing Assets/3DEnvironment/3D Model/3D Model/Wood_Floor/Wood_Floor_001_3DS.3ds using Guid(da1c79b4eff92b041b72076a9103f2b7) Importer(815301076,1909f56bfc062723c751e8b465ee728b)  -> (artifact id: 'eddea9b62b4c9ada456086fec3c6d0b8') in 0.046697 seconds 
  Import took 0.049538 seconds .

========================================================================
Received Import Request.
  Time since last request: 0.000207 seconds.
  path: Assets/3DEnvironment/3D Model/3D Model/Wood_Floor/Wood_Floor_001_Matt.jpg
  artifactKey: Guid(fd14059d93546c54b9529cc7c234946a) Importer(815301076,1909f56bfc062723c751e8b465ee728b)
Start importing Assets/3DEnvironment/3D Model/3D Model/Wood_Floor/Wood_Floor_001_Matt.jpg using Guid(fd14059d93546c54b9529cc7c234946a) Importer(815301076,1909f56bfc062723c751e8b465ee728b)  -> (artifact id: '6d6d56784ce624d053935ed4587c00d5') in 0.085656 seconds 
  Import took 0.087895 seconds .

========================================================================
Received Import Request.
  Time since last request: 0.000271 seconds.
  path: Assets/3DEnvironment/3D Model/3D Model/Wood_Floor/Wood_Floor_001_FBX.fbx
  artifactKey: Guid(95203f372a015d6488c43c96eef0f950) Importer(815301076,1909f56bfc062723c751e8b465ee728b)
Start importing Assets/3DEnvironment/3D Model/3D Model/Wood_Floor/Wood_Floor_001_FBX.fbx using Guid(95203f372a015d6488c43c96eef0f950) Importer(815301076,1909f56bfc062723c751e8b465ee728b)  -> (artifact id: '03d29c08390b3ec0d0f0ad0232e4006f') in 0.042710 seconds 
  Import took 0.044815 seconds .

========================================================================
Received Import Request.
  Time since last request: 0.000285 seconds.
  path: Assets/3DEnvironment/3D Model/3D Model/Wood_Floor/Wood_Floor_001_Gloss.jpg
  artifactKey: Guid(fd0ee6d1f5605fc4a9966de5693e4600) Importer(815301076,1909f56bfc062723c751e8b465ee728b)
Start importing Assets/3DEnvironment/3D Model/3D Model/Wood_Floor/Wood_Floor_001_Gloss.jpg using Guid(fd0ee6d1f5605fc4a9966de5693e4600) Importer(815301076,1909f56bfc062723c751e8b465ee728b)  -> (artifact id: '699997dfcbc7c689fd42c147975a7d88') in 0.082102 seconds 
  Import took 0.084490 seconds .

========================================================================
Received Import Request.
  Time since last request: 0.000229 seconds.
  path: Assets/3DEnvironment/3D Model/3D Model/Wood_Floor/Wood_Floor_001_OBJ.obj
  artifactKey: Guid(456995610a4eb0d4dbfe7ed58a913735) Importer(815301076,1909f56bfc062723c751e8b465ee728b)
Start importing Assets/3DEnvironment/3D Model/3D Model/Wood_Floor/Wood_Floor_001_OBJ.obj using Guid(456995610a4eb0d4dbfe7ed58a913735) Importer(815301076,1909f56bfc062723c751e8b465ee728b)  -> (artifact id: 'bfe40f2d2df6894a2010983aa01bd505') in 0.028649 seconds 
  Import took 0.031593 seconds .

========================================================================
Received Import Request.
  Time since last request: 11.396683 seconds.
  path: Assets/3DEnvironment/3D Model/3D Model/Wood_Floor/tex
  artifactKey: Guid(fbe2895a608b7ae47bdb89dce315444b) Importer(815301076,1909f56bfc062723c751e8b465ee728b)
Start importing Assets/3DEnvironment/3D Model/3D Model/Wood_Floor/tex using Guid(fbe2895a608b7ae47bdb89dce315444b) Importer(815301076,1909f56bfc062723c751e8b465ee728b)  -> (artifact id: 'cdf433cab528294cf620f832a11c356c') in 0.006161 seconds 
  Import took 0.008550 seconds .

========================================================================
Received Import Request.
  Time since last request: 0.072332 seconds.
  path: Assets/3DEnvironment/3D Model/3D Model/Wood_Floor/tex/Wood_Floor_001_Diffiuse.jpg
  artifactKey: Guid(9acdf51b8bcfe5947b573cab3c3fd799) Importer(815301076,1909f56bfc062723c751e8b465ee728b)
Start importing Assets/3DEnvironment/3D Model/3D Model/Wood_Floor/tex/Wood_Floor_001_Diffiuse.jpg using Guid(9acdf51b8bcfe5947b573cab3c3fd799) Importer(815301076,1909f56bfc062723c751e8b465ee728b)  -> (artifact id: '5c3eaaea6513316cd99356079e004ae9') in 0.295147 seconds 
  Import took 0.297523 seconds .

========================================================================
Received Import Request.
  Time since last request: 0.000284 seconds.
  path: Assets/3DEnvironment/3D Model/3D Model/Wood_Floor/tex/Wood_Floor_001_Normal.jpg
  artifactKey: Guid(5457fc1605724744c8425da0a923c2fc) Importer(815301076,1909f56bfc062723c751e8b465ee728b)
Start importing Assets/3DEnvironment/3D Model/3D Model/Wood_Floor/tex/Wood_Floor_001_Normal.jpg using Guid(5457fc1605724744c8425da0a923c2fc) Importer(815301076,1909f56bfc062723c751e8b465ee728b)  -> (artifact id: 'd08deb68b231c2185c4ed4f98986a7b5') in 0.301835 seconds 
  Import took 0.304263 seconds .

========================================================================
Received Import Request.
  Time since last request: 0.000261 seconds.
  path: Assets/3DEnvironment/3D Model/3D Model/Wood_Floor/tex/Wood_Floor_001_Spec_Gloss.jpg
  artifactKey: Guid(5bf14bd6a218e804bb874536693eba1b) Importer(815301076,1909f56bfc062723c751e8b465ee728b)
Start importing Assets/3DEnvironment/3D Model/3D Model/Wood_Floor/tex/Wood_Floor_001_Spec_Gloss.jpg using Guid(5bf14bd6a218e804bb874536693eba1b) Importer(815301076,1909f56bfc062723c751e8b465ee728b)  -> (artifact id: '4407f609a53f3e5ee0f2f0297c334390') in 0.303037 seconds 
  Import took 0.305216 seconds .

========================================================================
Received Import Request.
  Time since last request: 0.000257 seconds.
  path: Assets/3DEnvironment/3D Model/3D Model/Wood_Floor/tex/Wood_Floor_001_Disp.jpg
  artifactKey: Guid(5d9d693716233bb49b9ede12610728d8) Importer(815301076,1909f56bfc062723c751e8b465ee728b)
Start importing Assets/3DEnvironment/3D Model/3D Model/Wood_Floor/tex/Wood_Floor_001_Disp.jpg using Guid(5d9d693716233bb49b9ede12610728d8) Importer(815301076,1909f56bfc062723c751e8b465ee728b)  -> (artifact id: 'e42098e2d70a2349752086deb204a4fb') in 0.358962 seconds 
  Import took 0.361459 seconds .

========================================================================
Received Import Request.
  Time since last request: 56.818356 seconds.
  path: Assets/3DEnvironment/Table/uploads_files_1975054_table.blend/table.blend
  artifactKey: Guid(b5bd8a09c80e2aa4b9443a995466e7d8) Importer(815301076,1909f56bfc062723c751e8b465ee728b)
Start importing Assets/3DEnvironment/Table/uploads_files_1975054_table.blend/table.blend using Guid(b5bd8a09c80e2aa4b9443a995466e7d8) Importer(815301076,1909f56bfc062723c751e8b465ee728b)  -> (artifact id: '2441a248b3f451de55d164e24b1536e0') in 0.008801 seconds 
  Import took 0.011456 seconds .

========================================================================
Received Import Request.
  Time since last request: 612.181607 seconds.
  path: Assets/3DEnvironment/Table/uploads_files_159402_table/dirt.jpg
  artifactKey: Guid(a3bf7af5daf891f4387474a76c36c75a) Importer(815301076,1909f56bfc062723c751e8b465ee728b)
Start importing Assets/3DEnvironment/Table/uploads_files_159402_table/dirt.jpg using Guid(a3bf7af5daf891f4387474a76c36c75a) Importer(815301076,1909f56bfc062723c751e8b465ee728b)  -> (artifact id: 'ebaf0513d4e0276894595a758510249b') in 0.083575 seconds 
  Import took 0.086454 seconds .

========================================================================
Received Import Request.
  Time since last request: 0.000272 seconds.
  path: Assets/3DEnvironment/Table/uploads_files_159402_table/table.jpg
  artifactKey: Guid(5e3c8445999dd17479a390d293109ac0) Importer(815301076,1909f56bfc062723c751e8b465ee728b)
Start importing Assets/3DEnvironment/Table/uploads_files_159402_table/table.jpg using Guid(5e3c8445999dd17479a390d293109ac0) Importer(815301076,1909f56bfc062723c751e8b465ee728b)  -> (artifact id: '17b79477b48d6161838b161c88ea8a5e') in 0.304586 seconds 
  Import took 0.306851 seconds .

========================================================================
Received Import Request.
  Time since last request: 0.000287 seconds.
  path: Assets/3DEnvironment/Table/uploads_files_159402_table/uploads_files_159402_table (1).obj
  artifactKey: Guid(525738e63d811fe469e70b86a0c4e6d8) Importer(815301076,1909f56bfc062723c751e8b465ee728b)
Start importing Assets/3DEnvironment/Table/uploads_files_159402_table/uploads_files_159402_table (1).obj using Guid(525738e63d811fe469e70b86a0c4e6d8) Importer(815301076,1909f56bfc062723c751e8b465ee728b)  -> (artifact id: 'b5e066f4697bd404c856d00a21a684c2') in 0.046794 seconds 
  Import took 0.049795 seconds .

========================================================================
Received Prepare
Assets/3DEnvironment/Plants/fingerpalme.c4d: Unity no longer supports importing Cinema 4D files directly, but we're working with Maxon to make the experience better. To import Cinema 4D files, install Maxon's external importer. You can find more information on the Unity Forum: https://on.unity.com/c4d.

Please note that FBX files exported from Cinema4D are still supported.
Assets/3DEnvironment/3D Model/3D Model/Wood_Floor/Wood_Floor_001.c4d: Unity no longer supports importing Cinema 4D files directly, but we're working with Maxon to make the experience better. To import Cinema 4D files, install Maxon's external importer. You can find more information on the Unity Forum: https://on.unity.com/c4d.

Please note that FBX files exported from Cinema4D are still supported.
Registering precompiled user dll's ...
Registered in 0.005175 seconds.
Begin MonoManager ReloadAssembly
Native extension for WindowsStandalone target not found
Refreshing native plugins compatible for Editor in 0.66 ms, found 2 plugins.
Preloading 0 native plugins for Editor in 0.00 ms.
Mono: successfully reloaded assembly
- Completed reload, in  1.216 seconds
Domain Reload Profiling:
	ReloadAssembly (1216ms)
		BeginReloadAssembly (133ms)
			ExecutionOrderSort (0ms)
			DisableScriptedObjects (4ms)
			BackupInstance (0ms)
			ReleaseScriptingObjects (0ms)
			CreateAndSetChildDomain (38ms)
		EndReloadAssembly (1010ms)
			LoadAssemblies (98ms)
			RebuildTransferFunctionScriptingTraits (0ms)
			SetupTypeCache (351ms)
			ReleaseScriptCaches (1ms)
			RebuildScriptCaches (46ms)
			SetupLoadedEditorAssemblies (349ms)
				LogAssemblyErrors (0ms)
				InitializePlatformSupportModulesInManaged (7ms)
				SetLoadedEditorAssemblies (1ms)
				RefreshPlugins (1ms)
				BeforeProcessingInitializeOnLoad (96ms)
				ProcessInitializeOnLoadAttributes (227ms)
				ProcessInitializeOnLoadMethodAttributes (9ms)
				AfterProcessingInitializeOnLoad (8ms)
				EditorAssembliesLoaded (0ms)
			ExecutionOrderSort2 (0ms)
			AwakeInstancesAfterBackupRestoration (9ms)
Platform modules already initialized, skipping
Switching build target platform(19) subTarget(0) extendedPlatform(0) -> platform(9) subTarget(16777218) extendedPlatform(0)
Refreshing native plugins compatible for Editor in 0.50 ms, found 2 plugins.
Preloading 0 native plugins for Editor in 0.00 ms.
Unloading 1486 Unused Serialized files (Serialized files now loaded: 0)
System memory in use before: 72.7 MB.
System memory in use after: 72.9 MB.

Unloading 15 unused Assets to reduce memory usage. Loaded Objects now: 1969.
Total: 3.681400 ms (FindLiveObjects: 0.229400 ms CreateObjectMapping: 0.076000 ms MarkObjects: 3.350800 ms  DeleteObjects: 0.023700 ms)

AssetImportParameters requested are different than current active one (requested -> active):
  custom:framework-win-MediaFoundation: 216162199b28c13a410421893ffa2e32 -> 
  custom:video-decoder-ogg-theora: a1e56fd34408186e4bbccfd4996cb3dc -> 
  custom:container-muxer-webm: aa71ff27fc2769a1b78a27578f13a17b -> 
  custom:container-demuxer-webm: 4f35f7cbe854078d1ac9338744f61a02 -> 
  custom:container-demuxer-ogg: 62fdf1f143b41e24485cea50d1cbac27 -> 
  custom:video-encoder-webm-vp8: eb34c28f22e8b96e1ab97ce403110664 -> 
  custom:video-codec-MediaFoundation-h265: e54d7ab0439102e2317fc1e4b246158d -> 
  custom:video-decoder-webm-vp8: 9c59270c3fd7afecdb556c50c9e8de78 -> 
  custom:graphics/normal-map-encoding: 01000000000000000000000000000000 -> 02000000000000000000000000000000
  custom:audio-decoder-ogg-vorbis: bf7c407c2cedff20999df2af8eb42d56 -> 
  custom:audio-encoder-webm-vorbis: bf7c407c2cedff20999df2af8eb42d56 -> 
AssetImportWorkerClient::OnTransportError - code=2 error=End of file
